0 info it worked if it ends with ok
1 verbose cli [ 'F:\\program files\\nodejs\\node.exe',
1 verbose cli   'C:\\Users\\zhida.wen\\AppData\\Roaming\\npm\\node_modules\\npm\\bin\\npm-cli.js',
1 verbose cli   'start' ]
2 info using npm@3.10.9
3 info using node@v6.9.1
4 verbose run-script [ 'prestart', 'start', 'poststart' ]
5 info lifecycle angular-quickstart@1.0.0~prestart: angular-quickstart@1.0.0
6 silly lifecycle angular-quickstart@1.0.0~prestart: no script for prestart, continuing
7 info lifecycle angular-quickstart@1.0.0~start: angular-quickstart@1.0.0
8 verbose lifecycle angular-quickstart@1.0.0~start: unsafe-perm in lifecycle true
9 verbose lifecycle angular-quickstart@1.0.0~start: PATH: C:\Users\zhida.wen\AppData\Roaming\npm\node_modules\.npm_npminstall\node_modules\.3.10.9@npm\bin\node-gyp-bin;D:\08-angular\angular2\angular-router\hero-router\node_modules\.bin;F:\app\zhida\product\dbhome\bin;C:\Windows\system32;C:\Windows;C:\Windows\System32\Wbem;C:\Windows\System32\WindowsPowerShell\v1.0\;F:\program files\tortoiseSVN\bin;C:\Program Files\Java\jdk1.7.0_09\bin;C:\01-QS_Development\01-Java\03-Maven\apache-maven-3.1.1\bin;C:\Program Files\TortoiseGit\bin;C:\01-QS_Development\07-PHP;C:\01-QS_Development\08-Phabricator\arcanist\bin;C:\Program Files\Git\bin;C:\Program Files\Microsoft SQL Server\110\Tools\Binn\;C:\Oracle\instantclient_11_2;C:\Python27;C:\Program Files (x86)\NVIDIA Corporation\PhysX\Common;F:\program files\nodejs\;C:\Users\zhida.wen\AppData\Roaming\npm
10 verbose lifecycle angular-quickstart@1.0.0~start: CWD: D:\08-angular\angular2\angular-router\hero-router
11 silly lifecycle angular-quickstart@1.0.0~start: Args: [ '/d /s /c', 'tsc && concurrently "tsc -w" "lite-server" ' ]
12 verbose stack Error: kill ENOSYS
12 verbose stack     at exports._errnoException (util.js:1026:11)
12 verbose stack     at process.kill (internal/process.js:172:13)
12 verbose stack     at process.listener (C:\Users\zhida.wen\AppData\Roaming\npm\node_modules\.npm_npminstall\node_modules\.3.10.9@npm\node_modules\npmlog\node_modules\gauge\node_modules\signal-exit\index.js:86:15)
12 verbose stack     at emitNone (events.js:91:20)
12 verbose stack     at process.emit (events.js:185:7)
12 verbose stack     at processEmit (C:\Users\zhida.wen\AppData\Roaming\npm\node_modules\.npm_npminstall\node_modules\.3.10.9@npm\node_modules\npmlog\node_modules\gauge\node_modules\signal-exit\index.js:146:32)
12 verbose stack     at processEmit (C:\Users\zhida.wen\AppData\Roaming\npm\node_modules\.npm_npminstall\node_modules\.3.10.9@npm\node_modules\npm-registry-client\node_modules\npmlog\node_modules\gauge\node_modules\signal-exit\index.js:146:32)
12 verbose stack     at Signal.wrap.onsignal (internal/process.js:199:44)
13 verbose cwd D:\08-angular\angular2\angular-router\hero-router
14 error Windows_NT 6.1.7601
15 error argv "F:\\program files\\nodejs\\node.exe" "C:\\Users\\zhida.wen\\AppData\\Roaming\\npm\\node_modules\\npm\\bin\\npm-cli.js" "start"
16 error node v6.9.1
17 error npm  v3.10.9
18 error code ENOSYS
19 error errno ENOSYS
20 error syscall kill
21 error kill ENOSYS
22 error If you need help, you may report this error at:
22 error     <https://github.com/npm/npm/issues>
23 verbose exit [ 1, true ]
